<?xml version="1.0" encoding="UTF-8"?>
<testsuite xmlns:xsi="http://www.w3.org/2001/XMLSchema-instance" xsi:noNamespaceSchemaLocation="https://maven.apache.org/surefire/maven-surefire-plugin/xsd/surefire-test-report-3.0.xsd" version="3.0" name="com.ontariotechu.sofe3980U.BinaryTest" time="0.087" tests="14" errors="0" skipped="0" failures="0">
  <properties>
[...]
</properties>
  <testcase name="testBinaryConstructorMultipleZeros" classname="com.ontariotechu.sofe3980U.BinaryTest" time="0.003"/>
  <testcase name="testBinaryConstructorZero" classname="com.ontariotechu.sofe3980U.BinaryTest" time="0.0"/>
  <testcase name="testBinaryMultiplyByZero" classname="com.ontariotechu.sofe3980U.BinaryTest" time="0.0"/>
  <testcase name="testBinaryConstructorWithLeadingZeros" classname="com.ontariotechu.sofe3980U.BinaryTest" time="0.0"/>
  <testcase name="testBinaryMultiply" classname="com.ontariotechu.sofe3980U.BinaryTest" time="0.0"/>
  <testcase name="testBinaryAddWithZero" classname="com.ontariotechu.sofe3980U.BinaryTest" time="0.0"/>
  <testcase name="testBinaryAdd" classname="com.ontariotechu.sofe3980U.BinaryTest" time="0.0"/>
  <testcase name="testBinaryAnd" classname="com.ontariotechu.sofe3980U.BinaryTest" time="0.0"/>
  <testcase name="testBinaryConstructor" classname="com.ontariotechu.sofe3980U.BinaryTest" time="0.0"/>
  <testcase name="testAndWithZero" classname="com.ontariotechu.sofe3980U.BinaryTest" time="0.0"/>
  <testcase name="testBinaryMultiplyByOne" classname="com.ontariotechu.sofe3980U.BinaryTest" time="0.0"/>
  <testcase name="testAndSameNumber" classname="com.ontariotechu.sofe3980U.BinaryTest" time="0.0"/>
  <testcase name="testBinaryOr" classname="com.ontariotechu.sofe3980U.BinaryTest" time="0.0"/>
  <testcase name="testBinaryOrWithZero" classname="com.ontariotechu.sofe3980U.BinaryTest" time="0.0"/>
</testsuite>